# JRE version: OpenJDK Runtime Environment Temurin-21.0.8+9 (21.0.8+9) (build 21.0.8+9-LTS)
# Java VM: OpenJDK 64-Bit Server VM Temurin-21.0.8+9 (21.0.8+9-LTS, mixed mode, sharing, tiered, compressed oops, compressed class ptrs, parallel gc, windows-amd64)
GC Precious Log:
 CardTable entry size: 512
 CPUs: 8 total, 8 available
 Memory: 16253M
 Large Page Support: Disabled
 NUMA Support: Disabled
 Compressed Oops: Enabled (32-bit)
 Alignments: Space 512K, Generation 512K, Heap 2M
 Heap Min Capacity: 100M
 Heap Initial Capacity: 100M
 Heap Max Capacity: 2G
 Pre-touch: Disabled
 Parallel Workers: 8
Heap:
 PSYoungGen      total 9728K, used 6581K [0x00000000d5580000, 0x00000000d6500000, 0x0000000100000000)
  eden space 8704K, 70% used [0x00000000d5580000,0x00000000d5b76b88,0x00000000d5e00000)
  from space 1024K, 46% used [0x00000000d6380000,0x00000000d63f6900,0x00000000d6480000)
  to   space 512K, 0% used [0x00000000d6480000,0x00000000d6480000,0x00000000d6500000)
 ParOldGen       total 1074688K, used 1074619K [0x0000000080000000, 0x00000000c1980000, 0x00000000d5580000)
  object space 1074688K, 99% used [0x0000000080000000,0x00000000c196ef80,0x00000000c1980000)
 Metaspace       used 96833K, committed 98816K, reserved 1179648K
  class space    used 11130K, committed 12096K, reserved 1048576K
GC Heap History (20 events):
Event: 49606.601 GC heap before
{Heap before GC invocations=2252 (full 4):
 PSYoungGen      total 9216K, used 8276K [0x00000000d5580000, 0x00000000d5f80000, 0x0000000100000000)
  eden space 8704K, 92% used [0x00000000d5580000,0x00000000d5d56978,0x00000000d5e00000)
  from space 512K, 48% used [0x00000000d5e80000,0x00000000d5ebe900,0x00000000d5f00000)
  to   space 512K, 0% used [0x00000000d5f00000,0x00000000d5f00000,0x00000000d5f80000)
 ParOldGen       total 1064960K, used 1064785K [0x0000000080000000, 0x00000000c1000000, 0x00000000d5580000)
  object space 1064960K, 99% used [0x0000000080000000,0x00000000c0fd44f0,0x00000000c1000000)
 Metaspace       used 96794K, committed 98752K, reserved 1179648K
  class space    used 11130K, committed 12096K, reserved 1048576K
}
Event: 49606.602 GC heap after
{Heap after GC invocations=2252 (full 4):
 PSYoungGen      total 9216K, used 499K [0x00000000d5580000, 0x00000000d6000000, 0x0000000100000000)
  eden space 8704K, 0% used [0x00000000d5580000,0x00000000d5580000,0x00000000d5e00000)
  from space 512K, 97% used [0x00000000d5f00000,0x00000000d5f7cee0,0x00000000d5f80000)
  to   space 1024K, 0% used [0x00000000d5e00000,0x00000000d5e00000,0x00000000d5f00000)
 ParOldGen       total 1064960K, used 1064955K [0x0000000080000000, 0x00000000c1000000, 0x00000000d5580000)
  object space 1064960K, 99% used [0x0000000080000000,0x00000000c0ffedf0,0x00000000c1000000)
 Metaspace       used 96794K, committed 98752K, reserved 1179648K
  class space    used 11130K, committed 12096K, reserved 1048576K
}
Event: 49606.623 GC heap before
{Heap before GC invocations=2253 (full 4):
 PSYoungGen      total 9216K, used 9203K [0x00000000d5580000, 0x00000000d6000000, 0x0000000100000000)
  eden space 8704K, 100% used [0x00000000d5580000,0x00000000d5e00000,0x00000000d5e00000)
  from space 512K, 97% used [0x00000000d5f00000,0x00000000d5f7cee0,0x00000000d5f80000)
  to   space 1024K, 0% used [0x00000000d5e00000,0x00000000d5e00000,0x00000000d5f00000)
 ParOldGen       total 1064960K, used 1064955K [0x0000000080000000, 0x00000000c1000000, 0x00000000d5580000)
  object space 1064960K, 99% used [0x0000000080000000,0x00000000c0ffedf0,0x00000000c1000000)
 Metaspace       used 96797K, committed 98752K, reserved 1179648K
  class space    used 11130K, committed 12096K, reserved 1048576K
}
Event: 49606.626 GC heap after
{Heap after GC invocations=2253 (full 4):
 PSYoungGen      total 9728K, used 1019K [0x00000000d5580000, 0x00000000d6d00000, 0x0000000100000000)
  eden space 8704K, 0% used [0x00000000d5580000,0x00000000d5580000,0x00000000d5e00000)
  from space 1024K, 99% used [0x00000000d5e00000,0x00000000d5efee28,0x00000000d5f00000)
  to   space 7680K, 0% used [0x00000000d6580000,0x00000000d6580000,0x00000000d6d00000)
 ParOldGen       total 1070592K, used 1070569K [0x0000000080000000, 0x00000000c1580000, 0x00000000d5580000)
  object space 1070592K, 99% used [0x0000000080000000,0x00000000c157a640,0x00000000c1580000)
 Metaspace       used 96797K, committed 98752K, reserved 1179648K
  class space    used 11130K, committed 12096K, reserved 1048576K
}
Event: 49606.637 GC heap before
{Heap before GC invocations=2254 (full 4):
 PSYoungGen      total 9728K, used 9723K [0x00000000d5580000, 0x00000000d6d00000, 0x0000000100000000)
  eden space 8704K, 100% used [0x00000000d5580000,0x00000000d5e00000,0x00000000d5e00000)
  from space 1024K, 99% used [0x00000000d5e00000,0x00000000d5efee28,0x00000000d5f00000)
  to   space 7680K, 0% used [0x00000000d6580000,0x00000000d6580000,0x00000000d6d00000)
 ParOldGen       total 1070592K, used 1070569K [0x0000000080000000, 0x00000000c1580000, 0x00000000d5580000)
  object space 1070592K, 99% used [0x0000000080000000,0x00000000c157a640,0x00000000c1580000)
 Metaspace       used 96802K, committed 98752K, reserved 1179648K
  class space    used 11130K, committed 12096K, reserved 1048576K
}
Event: 49606.639 GC heap after
{Heap after GC invocations=2254 (full 4):
 PSYoungGen      total 9728K, used 640K [0x00000000d5580000, 0x00000000d6680000, 0x0000000100000000)
  eden space 8704K, 0% used [0x00000000d5580000,0x00000000d5580000,0x00000000d5e00000)
  from space 1024K, 62% used [0x00000000d6580000,0x00000000d6620000,0x00000000d6680000)
  to   space 3072K, 0% used [0x00000000d6080000,0x00000000d6080000,0x00000000d6380000)
 ParOldGen       total 1071104K, used 1070673K [0x0000000080000000, 0x00000000c1600000, 0x00000000d5580000)
  object space 1071104K, 99% used [0x0000000080000000,0x00000000c1594640,0x00000000c1600000)
 Metaspace       used 96802K, committed 98752K, reserved 1179648K
  class space    used 11130K, committed 12096K, reserved 1048576K
}
Event: 49606.649 GC heap before
{Heap before GC invocations=2255 (full 4):
 PSYoungGen      total 9728K, used 8507K [0x00000000d5580000, 0x00000000d6680000, 0x0000000100000000)
  eden space 8704K, 90% used [0x00000000d5580000,0x00000000d5d2eca8,0x00000000d5e00000)
  from space 1024K, 62% used [0x00000000d6580000,0x00000000d6620000,0x00000000d6680000)
  to   space 3072K, 0% used [0x00000000d6080000,0x00000000d6080000,0x00000000d6380000)
 ParOldGen       total 1071104K, used 1070673K [0x0000000080000000, 0x00000000c1600000, 0x00000000d5580000)
  object space 1071104K, 99% used [0x0000000080000000,0x00000000c1594640,0x00000000c1600000)
 Metaspace       used 96803K, committed 98752K, reserved 1179648K
  class space    used 11130K, committed 12096K, reserved 1048576K
}
Event: 49606.651 GC heap after
{Heap after GC invocations=2255 (full 4):
 PSYoungGen      total 11776K, used 346K [0x00000000d5580000, 0x00000000d6600000, 0x0000000100000000)
  eden space 8704K, 0% used [0x00000000d5580000,0x00000000d5580000,0x00000000d5e00000)
  from space 3072K, 11% used [0x00000000d6080000,0x00000000d60d6900,0x00000000d6380000)
  to   space 1024K, 0% used [0x00000000d6500000,0x00000000d6500000,0x00000000d6600000)
 ParOldGen       total 1071104K, used 1070841K [0x0000000080000000, 0x00000000c1600000, 0x00000000d5580000)
  object space 1071104K, 99% used [0x0000000080000000,0x00000000c15be640,0x00000000c1600000)
 Metaspace       used 96803K, committed 98752K, reserved 1179648K
  class space    used 11130K, committed 12096K, reserved 1048576K
}
Event: 49606.660 GC heap before
{Heap before GC invocations=2256 (full 4):
 PSYoungGen      total 11776K, used 8934K [0x00000000d5580000, 0x00000000d6600000, 0x0000000100000000)
  eden space 8704K, 98% used [0x00000000d5580000,0x00000000d5de2fc8,0x00000000d5e00000)
  from space 3072K, 11% used [0x00000000d6080000,0x00000000d60d6900,0x00000000d6380000)
  to   space 1024K, 0% used [0x00000000d6500000,0x00000000d6500000,0x00000000d6600000)
 ParOldGen       total 1071104K, used 1070841K [0x0000000080000000, 0x00000000c1600000, 0x00000000d5580000)
  object space 1071104K, 99% used [0x0000000080000000,0x00000000c15be640,0x00000000c1600000)
 Metaspace       used 96803K, committed 98752K, reserved 1179648K
  class space    used 11130K, committed 12096K, reserved 1048576K
}
Event: 49606.662 GC heap after
{Heap after GC invocations=2256 (full 4):
 PSYoungGen      total 9216K, used 314K [0x00000000d5580000, 0x00000000d6580000, 0x0000000100000000)
  eden space 8704K, 0% used [0x00000000d5580000,0x00000000d5580000,0x00000000d5e00000)
  from space 512K, 61% used [0x00000000d6500000,0x00000000d654e900,0x00000000d6580000)
  to   space 512K, 0% used [0x00000000d6480000,0x00000000d6480000,0x00000000d6500000)
 ParOldGen       total 1074176K, used 1073810K [0x0000000080000000, 0x00000000c1900000, 0x00000000d5580000)
  object space 1074176K, 99% used [0x0000000080000000,0x00000000c18a4b70,0x00000000c1900000)
 Metaspace       used 96803K, committed 98752K, reserved 1179648K
  class space    used 11130K, committed 12096K, reserved 1048576K
}
Event: 49606.672 GC heap before
{Heap before GC invocations=2257 (full 4):
 PSYoungGen      total 9216K, used 8895K [0x00000000d5580000, 0x00000000d6580000, 0x0000000100000000)
  eden space 8704K, 98% used [0x00000000d5580000,0x00000000d5de1620,0x00000000d5e00000)
  from space 512K, 61% used [0x00000000d6500000,0x00000000d654e900,0x00000000d6580000)
  to   space 512K, 0% used [0x00000000d6480000,0x00000000d6480000,0x00000000d6500000)
 ParOldGen       total 1074176K, used 1073810K [0x0000000080000000, 0x00000000c1900000, 0x00000000d5580000)
  object space 1074176K, 99% used [0x0000000080000000,0x00000000c18a4b70,0x00000000c1900000)
 Metaspace       used 96804K, committed 98752K, reserved 1179648K
  class space    used 11130K, committed 12096K, reserved 1048576K
}
Event: 49606.674 GC heap after
{Heap after GC invocations=2257 (full 4):
 PSYoungGen      total 9216K, used 218K [0x00000000d5580000, 0x00000000d6580000, 0x0000000100000000)
  eden space 8704K, 0% used [0x00000000d5580000,0x00000000d5580000,0x00000000d5e00000)
  from space 512K, 42% used [0x00000000d6480000,0x00000000d64b6900,0x00000000d6500000)
  to   space 512K, 0% used [0x00000000d6500000,0x00000000d6500000,0x00000000d6580000)
 ParOldGen       total 1074176K, used 1073815K [0x0000000080000000, 0x00000000c1900000, 0x00000000d5580000)
  object space 1074176K, 99% used [0x0000000080000000,0x00000000c18a5d80,0x00000000c1900000)
 Metaspace       used 96804K, committed 98752K, reserved 1179648K
  class space    used 11130K, committed 12096K, reserved 1048576K
}
Event: 49606.683 GC heap before
{Heap before GC invocations=2258 (full 4):
 PSYoungGen      total 9216K, used 8922K [0x00000000d5580000, 0x00000000d6580000, 0x0000000100000000)
  eden space 8704K, 100% used [0x00000000d5580000,0x00000000d5e00000,0x00000000d5e00000)
  from space 512K, 42% used [0x00000000d6480000,0x00000000d64b6900,0x00000000d6500000)
  to   space 512K, 0% used [0x00000000d6500000,0x00000000d6500000,0x00000000d6580000)
 ParOldGen       total 1074176K, used 1073815K [0x0000000080000000, 0x00000000c1900000, 0x00000000d5580000)
  object space 1074176K, 99% used [0x0000000080000000,0x00000000c18a5d80,0x00000000c1900000)
 Metaspace       used 96820K, committed 98816K, reserved 1179648K
  class space    used 11130K, committed 12096K, reserved 1048576K
}
Event: 49606.685 GC heap after
{Heap after GC invocations=2258 (full 4):
 PSYoungGen      total 9216K, used 512K [0x00000000d5580000, 0x00000000d6580000, 0x0000000100000000)
  eden space 8704K, 0% used [0x00000000d5580000,0x00000000d5580000,0x00000000d5e00000)
  from space 512K, 100% used [0x00000000d6500000,0x00000000d6580000,0x00000000d6580000)
  to   space 1024K, 0% used [0x00000000d6380000,0x00000000d6380000,0x00000000d6480000)
 ParOldGen       total 1074176K, used 1074051K [0x0000000080000000, 0x00000000c1900000, 0x00000000d5580000)
  object space 1074176K, 99% used [0x0000000080000000,0x00000000c18e0f80,0x00000000c1900000)
 Metaspace       used 96820K, committed 98816K, reserved 1179648K
  class space    used 11130K, committed 12096K, reserved 1048576K
}
Event: 49606.695 GC heap before
{Heap before GC invocations=2259 (full 4):
 PSYoungGen      total 9216K, used 9216K [0x00000000d5580000, 0x00000000d6580000, 0x0000000100000000)
  eden space 8704K, 100% used [0x00000000d5580000,0x00000000d5e00000,0x00000000d5e00000)
  from space 512K, 100% used [0x00000000d6500000,0x00000000d6580000,0x00000000d6580000)
  to   space 1024K, 0% used [0x00000000d6380000,0x00000000d6380000,0x00000000d6480000)
 ParOldGen       total 1074176K, used 1074051K [0x0000000080000000, 0x00000000c1900000, 0x00000000d5580000)
  object space 1074176K, 99% used [0x0000000080000000,0x00000000c18e0f80,0x00000000c1900000)
 Metaspace       used 96820K, committed 98816K, reserved 1179648K
  class space    used 11130K, committed 12096K, reserved 1048576K
}
Event: 49606.698 GC heap after
{Heap after GC invocations=2259 (full 4):
 PSYoungGen      total 9728K, used 634K [0x00000000d5580000, 0x00000000d6580000, 0x0000000100000000)
  eden space 8704K, 0% used [0x00000000d5580000,0x00000000d5580000,0x00000000d5e00000)
  from space 1024K, 61% used [0x00000000d6380000,0x00000000d641e900,0x00000000d6480000)
  to   space 1024K, 0% used [0x00000000d6480000,0x00000000d6480000,0x00000000d6580000)
 ParOldGen       total 1074688K, used 1074571K [0x0000000080000000, 0x00000000c1980000, 0x00000000d5580000)
  object space 1074688K, 99% used [0x0000000080000000,0x00000000c1962f80,0x00000000c1980000)
 Metaspace       used 96820K, committed 98816K, reserved 1179648K
  class space    used 11130K, committed 12096K, reserved 1048576K
}
Event: 49606.708 GC heap before
{Heap before GC invocations=2260 (full 4):
 PSYoungGen      total 9728K, used 9338K [0x00000000d5580000, 0x00000000d6580000, 0x0000000100000000)
  eden space 8704K, 100% used [0x00000000d5580000,0x00000000d5e00000,0x00000000d5e00000)
  from space 1024K, 61% used [0x00000000d6380000,0x00000000d641e900,0x00000000d6480000)
  to   space 1024K, 0% used [0x00000000d6480000,0x00000000d6480000,0x00000000d6580000)
 ParOldGen       total 1074688K, used 1074571K [0x0000000080000000, 0x00000000c1980000, 0x00000000d5580000)
  object space 1074688K, 99% used [0x0000000080000000,0x00000000c1962f80,0x00000000c1980000)
 Metaspace       used 96820K, committed 98816K, reserved 1179648K
  class space    used 11130K, committed 12096K, reserved 1048576K
}
Event: 49606.711 GC heap after
{Heap after GC invocations=2260 (full 4):
 PSYoungGen      total 9728K, used 538K [0x00000000d5580000, 0x00000000d6580000, 0x0000000100000000)
  eden space 8704K, 0% used [0x00000000d5580000,0x00000000d5580000,0x00000000d5e00000)
  from space 1024K, 52% used [0x00000000d6480000,0x00000000d6506900,0x00000000d6580000)
  to   space 1024K, 0% used [0x00000000d6380000,0x00000000d6380000,0x00000000d6480000)
 ParOldGen       total 1074688K, used 1074619K [0x0000000080000000, 0x00000000c1980000, 0x00000000d5580000)
  object space 1074688K, 99% used [0x0000000080000000,0x00000000c196ef80,0x00000000c1980000)
 Metaspace       used 96820K, committed 98816K, reserved 1179648K
  class space    used 11130K, committed 12096K, reserved 1048576K
}
Event: 49606.720 GC heap before
{Heap before GC invocations=2261 (full 4):
 PSYoungGen      total 9728K, used 9242K [0x00000000d5580000, 0x00000000d6580000, 0x0000000100000000)
  eden space 8704K, 100% used [0x00000000d5580000,0x00000000d5e00000,0x00000000d5e00000)
  from space 1024K, 52% used [0x00000000d6480000,0x00000000d6506900,0x00000000d6580000)
  to   space 1024K, 0% used [0x00000000d6380000,0x00000000d6380000,0x00000000d6480000)
 ParOldGen       total 1074688K, used 1074619K [0x0000000080000000, 0x00000000c1980000, 0x00000000d5580000)
  object space 1074688K, 99% used [0x0000000080000000,0x00000000c196ef80,0x00000000c1980000)
 Metaspace       used 96820K, committed 98816K, reserved 1179648K
  class space    used 11130K, committed 12096K, reserved 1048576K
}
Event: 49606.721 GC heap after
{Heap after GC invocations=2261 (full 4):
 PSYoungGen      total 9728K, used 474K [0x00000000d5580000, 0x00000000d6500000, 0x0000000100000000)
  eden space 8704K, 0% used [0x00000000d5580000,0x00000000d5580000,0x00000000d5e00000)
  from space 1024K, 46% used [0x00000000d6380000,0x00000000d63f6900,0x00000000d6480000)
  to   space 512K, 0% used [0x00000000d6480000,0x00000000d6480000,0x00000000d6500000)
 ParOldGen       total 1074688K, used 1074619K [0x0000000080000000, 0x00000000c1980000, 0x00000000d5580000)
  object space 1074688K, 99% used [0x0000000080000000,0x00000000c196ef80,0x00000000c1980000)
 Metaspace       used 96820K, committed 98816K, reserved 1179648K
  class space    used 11130K, committed 12096K, reserved 1048576K
}

